<?xml version="1.0" encoding="UTF-8"?>
<!-- Generated by org.testng.reporters.JUnitReportReporter -->
<testsuite skipped="0" hostname="DESKTOP-7IHME2E" name="PayconiqRestAssuredBDDFramework.testscript.TestsApi" tests="5" failures="0" timestamp="2020-03-18T18:21:17 IST" time="7.212" errors="0">
  <testcase name="postGist" time="4.012" classname="PayconiqRestAssuredBDDFramework.testscript.TestsApi"/>
  <testcase name="getGist" time="1.205" classname="PayconiqRestAssuredBDDFramework.testscript.TestsApi"/>
  <testcase name="patchGist" time="1.219" classname="PayconiqRestAssuredBDDFramework.testscript.TestsApi"/>
  <testcase name="deleteGist" time="0.437" classname="PayconiqRestAssuredBDDFramework.testscript.TestsApi"/>
  <testcase name="getGistAfterDelete" time="0.339" classname="PayconiqRestAssuredBDDFramework.testscript.TestsApi"/>
</testsuite> <!-- PayconiqRestAssuredBDDFramework.testscript.TestsApi -->
