<?xml version="1.0" encoding="UTF-8"?>
<!-- Generated by org.testng.reporters.JUnitReportReporter -->
<testsuite skipped="0" hostname="DESKTOP-7IHME2E" name="PayconiqRestAssuredBDDFramework.util.BasicAuthentication" tests="1" failures="0" timestamp="2020-03-18T03:23:59 IST" time="0.016" errors="0">
  <testcase name="verifyDescription" time="0.016" classname="PayconiqRestAssuredBDDFramework.util.BasicAuthentication"/>
</testsuite> <!-- PayconiqRestAssuredBDDFramework.util.BasicAuthentication -->
