<?xml version="1.0" encoding="UTF-8"?>
<!-- Generated by org.testng.reporters.JUnitReportReporter -->
<testsuite skipped="0" hostname="DESKTOP-7IHME2E" name="PayconiqRestAssuredBDDFramework.testscript.PostCallBDD" tests="4" failures="0" timestamp="2020-03-18T14:29:09 IST" time="8.274" errors="0">
  <testcase name="postGist" time="5.122" classname="PayconiqRestAssuredBDDFramework.testscript.PostCallBDD"/>
  <testcase name="getGist" time="0.457" classname="PayconiqRestAssuredBDDFramework.testscript.PostCallBDD"/>
  <testcase name="updateGist" time="1.914" classname="PayconiqRestAssuredBDDFramework.testscript.PostCallBDD"/>
  <testcase name="deleteGist" time="0.781" classname="PayconiqRestAssuredBDDFramework.testscript.PostCallBDD"/>
</testsuite> <!-- PayconiqRestAssuredBDDFramework.testscript.PostCallBDD -->
